# JRE version: OpenJDK Runtime Environment (21.0.5) (build 21.0.5+-13047016-b750.29)
# Java VM: OpenJDK 64-Bit Server VM (21.0.5+-13047016-b750.29, mixed mode, tiered, compressed oops, compressed class ptrs, g1 gc, windows-amd64)
GC Precious Log:
 CardTable entry size: 512
 Card Set container configuration: InlinePtr #cards 5 size 8 Array Of Cards #cards 12 size 40 Howl #buckets 4 coarsen threshold 1843 Howl Bitmap #cards 512 size 80 coarsen threshold 460 Card regions per heap region 1 cards per card region 2048
 CPUs: 12 total, 12 available
 Memory: 15789M
 Large Page Support: Disabled
 NUMA Support: Disabled
 Compressed Oops: Enabled (32-bit)
 Heap Region Size: 1M
 Heap Min Capacity: 8M
 Heap Initial Capacity: 248M
 Heap Max Capacity: 2G
 Pre-touch: Disabled
 Parallel Workers: 10
 Concurrent Workers: 3
 Concurrent Refinement Workers: 10
 Periodic GC: Disabled
Heap:
 garbage-first heap   total 89088K, used 48776K [0x0000000080000000, 0x0000000100000000)
  region size 1024K, 16 young (16384K), 3 survivors (3072K)
 Metaspace       used 50912K, committed 52416K, reserved 1114112K
  class space    used 6929K, committed 7680K, reserved 1048576K
GC Heap History (20 events):
Event: 0.491 GC heap before
{Heap before GC invocations=0 (full 0):
 garbage-first heap   total 253952K, used 22528K [0x0000000080000000, 0x0000000100000000)
  region size 1024K, 23 young (23552K), 0 survivors (0K)
 Metaspace       used 7999K, committed 8128K, reserved 1114112K
  class space    used 709K, committed 768K, reserved 1048576K
}
Event: 0.494 GC heap after
{Heap after GC invocations=1 (full 0):
 garbage-first heap   total 253952K, used 4997K [0x0000000080000000, 0x0000000100000000)
  region size 1024K, 3 young (3072K), 3 survivors (3072K)
 Metaspace       used 7999K, committed 8128K, reserved 1114112K
  class space    used 709K, committed 768K, reserved 1048576K
}
Event: 0.968 GC heap before
{Heap before GC invocations=1 (full 0):
 garbage-first heap   total 253952K, used 40837K [0x0000000080000000, 0x0000000100000000)
  region size 1024K, 35 young (35840K), 3 survivors (3072K)
 Metaspace       used 12158K, committed 12416K, reserved 1114112K
  class space    used 1277K, committed 1408K, reserved 1048576K
}
Event: 0.971 GC heap after
{Heap after GC invocations=2 (full 0):
 garbage-first heap   total 253952K, used 11809K [0x0000000080000000, 0x0000000100000000)
  region size 1024K, 3 young (3072K), 3 survivors (3072K)
 Metaspace       used 12158K, committed 12416K, reserved 1114112K
  class space    used 1277K, committed 1408K, reserved 1048576K
}
Event: 1.599 GC heap before
{Heap before GC invocations=2 (full 0):
 garbage-first heap   total 253952K, used 58913K [0x0000000080000000, 0x0000000100000000)
  region size 1024K, 48 young (49152K), 3 survivors (3072K)
 Metaspace       used 14526K, committed 14784K, reserved 1114112K
  class space    used 1581K, committed 1664K, reserved 1048576K
}
Event: 1.615 GC heap after
{Heap after GC invocations=3 (full 0):
 garbage-first heap   total 253952K, used 18276K [0x0000000080000000, 0x0000000100000000)
  region size 1024K, 6 young (6144K), 6 survivors (6144K)
 Metaspace       used 14526K, committed 14784K, reserved 1114112K
  class space    used 1581K, committed 1664K, reserved 1048576K
}
Event: 2.144 GC heap before
{Heap before GC invocations=3 (full 0):
 garbage-first heap   total 253952K, used 42852K [0x0000000080000000, 0x0000000100000000)
  region size 1024K, 31 young (31744K), 6 survivors (6144K)
 Metaspace       used 21168K, committed 21504K, reserved 1114112K
  class space    used 2437K, committed 2624K, reserved 1048576K
}
Event: 2.148 GC heap after
{Heap after GC invocations=4 (full 0):
 garbage-first heap   total 253952K, used 21348K [0x0000000080000000, 0x0000000100000000)
  region size 1024K, 9 young (9216K), 9 survivors (9216K)
 Metaspace       used 21168K, committed 21504K, reserved 1114112K
  class space    used 2437K, committed 2624K, reserved 1048576K
}
Event: 2.659 GC heap before
{Heap before GC invocations=5 (full 0):
 garbage-first heap   total 71680K, used 54116K [0x0000000080000000, 0x0000000100000000)
  region size 1024K, 42 young (43008K), 9 survivors (9216K)
 Metaspace       used 27160K, committed 27648K, reserved 1114112K
  class space    used 3365K, committed 3584K, reserved 1048576K
}
Event: 2.665 GC heap after
{Heap after GC invocations=6 (full 0):
 garbage-first heap   total 71680K, used 23096K [0x0000000080000000, 0x0000000100000000)
  region size 1024K, 5 young (5120K), 5 survivors (5120K)
 Metaspace       used 27160K, committed 27648K, reserved 1114112K
  class space    used 3365K, committed 3584K, reserved 1048576K
}
Event: 3.484 GC heap before
{Heap before GC invocations=6 (full 0):
 garbage-first heap   total 71680K, used 56888K [0x0000000080000000, 0x0000000100000000)
  region size 1024K, 38 young (38912K), 5 survivors (5120K)
 Metaspace       used 31675K, committed 32384K, reserved 1114112K
  class space    used 4119K, committed 4480K, reserved 1048576K
}
Event: 3.489 GC heap after
{Heap after GC invocations=7 (full 0):
 garbage-first heap   total 71680K, used 25844K [0x0000000080000000, 0x0000000100000000)
  region size 1024K, 5 young (5120K), 5 survivors (5120K)
 Metaspace       used 31675K, committed 32384K, reserved 1114112K
  class space    used 4119K, committed 4480K, reserved 1048576K
}
Event: 3.942 GC heap before
{Heap before GC invocations=7 (full 0):
 garbage-first heap   total 71680K, used 50420K [0x0000000080000000, 0x0000000100000000)
  region size 1024K, 30 young (30720K), 5 survivors (5120K)
 Metaspace       used 35246K, committed 36096K, reserved 1114112K
  class space    used 4718K, committed 5184K, reserved 1048576K
}
Event: 3.947 GC heap after
{Heap after GC invocations=8 (full 0):
 garbage-first heap   total 71680K, used 27037K [0x0000000080000000, 0x0000000100000000)
  region size 1024K, 2 young (2048K), 2 survivors (2048K)
 Metaspace       used 35246K, committed 36096K, reserved 1114112K
  class space    used 4718K, committed 5184K, reserved 1048576K
}
Event: 4.522 GC heap before
{Heap before GC invocations=9 (full 0):
 garbage-first heap   total 71680K, used 60829K [0x0000000080000000, 0x0000000100000000)
  region size 1024K, 35 young (35840K), 2 survivors (2048K)
 Metaspace       used 39704K, committed 40896K, reserved 1114112K
  class space    used 5432K, committed 6016K, reserved 1048576K
}
Event: 4.525 GC heap after
{Heap after GC invocations=10 (full 0):
 garbage-first heap   total 89088K, used 28672K [0x0000000080000000, 0x0000000100000000)
  region size 1024K, 3 young (3072K), 3 survivors (3072K)
 Metaspace       used 39704K, committed 40896K, reserved 1114112K
  class space    used 5432K, committed 6016K, reserved 1048576K
}
Event: 5.161 GC heap before
{Heap before GC invocations=10 (full 0):
 garbage-first heap   total 89088K, used 76800K [0x0000000080000000, 0x0000000100000000)
  region size 1024K, 51 young (52224K), 3 survivors (3072K)
 Metaspace       used 46456K, committed 47744K, reserved 1114112K
  class space    used 6200K, committed 6848K, reserved 1048576K
}
Event: 5.166 GC heap after
{Heap after GC invocations=11 (full 0):
 garbage-first heap   total 89088K, used 33240K [0x0000000080000000, 0x0000000100000000)
  region size 1024K, 7 young (7168K), 7 survivors (7168K)
 Metaspace       used 46456K, committed 47744K, reserved 1114112K
  class space    used 6200K, committed 6848K, reserved 1048576K
}
Event: 5.700 GC heap before
{Heap before GC invocations=11 (full 0):
 garbage-first heap   total 89088K, used 76248K [0x0000000080000000, 0x0000000100000000)
  region size 1024K, 49 young (50176K), 7 survivors (7168K)
 Metaspace       used 49377K, committed 50816K, reserved 1114112K
  class space    used 6671K, committed 7424K, reserved 1048576K
}
Event: 5.705 GC heap after
{Heap after GC invocations=12 (full 0):
 garbage-first heap   total 89088K, used 36488K [0x0000000080000000, 0x0000000100000000)
  region size 1024K, 3 young (3072K), 3 survivors (3072K)
 Metaspace       used 49377K, committed 50816K, reserved 1114112K
  class space    used 6671K, committed 7424K, reserved 1048576K
}

