# JRE version: OpenJDK Runtime Environment (21.0.5) (build 21.0.5+-13047016-b750.29)
# Java VM: OpenJDK 64-Bit Server VM (21.0.5+-13047016-b750.29, mixed mode, tiered, compressed oops, compressed class ptrs, g1 gc, windows-amd64)
GC Precious Log:
 CardTable entry size: 512
 Card Set container configuration: InlinePtr #cards 5 size 8 Array Of Cards #cards 12 size 40 Howl #buckets 4 coarsen threshold 1843 Howl Bitmap #cards 512 size 80 coarsen threshold 460 Card regions per heap region 1 cards per card region 2048
 CPUs: 12 total, 12 available
 Memory: 15789M
 Large Page Support: Disabled
 NUMA Support: Disabled
 Compressed Oops: Enabled (32-bit)
 Heap Region Size: 1M
 Heap Min Capacity: 8M
 Heap Initial Capacity: 248M
 Heap Max Capacity: 2G
 Pre-touch: Disabled
 Parallel Workers: 10
 Concurrent Workers: 3
 Concurrent Refinement Workers: 10
 Periodic GC: Disabled
Heap:
 garbage-first heap   total 300032K, used 221786K [0x0000000080000000, 0x0000000100000000)
  region size 1024K, 88 young (90112K), 16 survivors (16384K)
 Metaspace       used 151846K, committed 153728K, reserved 1245184K
  class space    used 20246K, committed 21568K, reserved 1048576K
GC Heap History (20 events):
Event: 809.626 GC heap before
{Heap before GC invocations=78 (full 0):
 garbage-first heap   total 261120K, used 155502K [0x0000000080000000, 0x0000000100000000)
  region size 1024K, 34 young (34816K), 7 survivors (7168K)
 Metaspace       used 147517K, committed 149888K, reserved 1179648K
  class space    used 20291K, committed 21504K, reserved 1048576K
}
Event: 809.632 GC heap after
{Heap after GC invocations=79 (full 0):
 garbage-first heap   total 261120K, used 133191K [0x0000000080000000, 0x0000000100000000)
  region size 1024K, 12 young (12288K), 12 survivors (12288K)
 Metaspace       used 147517K, committed 149888K, reserved 1179648K
  class space    used 20291K, committed 21504K, reserved 1048576K
}
Event: 810.613 GC heap before
{Heap before GC invocations=80 (full 0):
 garbage-first heap   total 261120K, used 248903K [0x0000000080000000, 0x0000000100000000)
  region size 1024K, 110 young (112640K), 12 survivors (12288K)
 Metaspace       used 147718K, committed 150080K, reserved 1179648K
  class space    used 20293K, committed 21504K, reserved 1048576K
}
Event: 810.616 GC heap after
{Heap after GC invocations=81 (full 0):
 garbage-first heap   total 261120K, used 124094K [0x0000000080000000, 0x0000000100000000)
  region size 1024K, 3 young (3072K), 3 survivors (3072K)
 Metaspace       used 147718K, committed 150080K, reserved 1179648K
  class space    used 20293K, committed 21504K, reserved 1048576K
}
Event: 1015.276 GC heap before
{Heap before GC invocations=81 (full 0):
 garbage-first heap   total 261120K, used 244926K [0x0000000080000000, 0x0000000100000000)
  region size 1024K, 116 young (118784K), 3 survivors (3072K)
 Metaspace       used 148170K, committed 150592K, reserved 1179648K
  class space    used 20315K, committed 21504K, reserved 1048576K
}
Event: 1015.288 GC heap after
{Heap after GC invocations=82 (full 0):
 garbage-first heap   total 268288K, used 137355K [0x0000000080000000, 0x0000000100000000)
  region size 1024K, 15 young (15360K), 15 survivors (15360K)
 Metaspace       used 148170K, committed 150592K, reserved 1179648K
  class space    used 20315K, committed 21504K, reserved 1048576K
}
Event: 1015.979 GC heap before
{Heap before GC invocations=82 (full 0):
 garbage-first heap   total 268288K, used 235659K [0x0000000080000000, 0x0000000100000000)
  region size 1024K, 112 young (114688K), 15 survivors (15360K)
 Metaspace       used 148328K, committed 150720K, reserved 1179648K
  class space    used 20315K, committed 21504K, reserved 1048576K
}
Event: 1015.987 GC heap after
{Heap after GC invocations=83 (full 0):
 garbage-first heap   total 268288K, used 137370K [0x0000000080000000, 0x0000000100000000)
  region size 1024K, 6 young (6144K), 6 survivors (6144K)
 Metaspace       used 148328K, committed 150720K, reserved 1179648K
  class space    used 20315K, committed 21504K, reserved 1048576K
}
Event: 1089.939 GC heap before
{Heap before GC invocations=84 (full 0):
 garbage-first heap   total 268288K, used 257178K [0x0000000080000000, 0x0000000100000000)
  region size 1024K, 105 young (107520K), 6 survivors (6144K)
 Metaspace       used 148412K, committed 150784K, reserved 1179648K
  class space    used 20317K, committed 21504K, reserved 1048576K
}
Event: 1089.950 GC heap after
{Heap after GC invocations=85 (full 0):
 garbage-first heap   total 277504K, used 153108K [0x0000000080000000, 0x0000000100000000)
  region size 1024K, 14 young (14336K), 14 survivors (14336K)
 Metaspace       used 148412K, committed 150784K, reserved 1179648K
  class space    used 20317K, committed 21504K, reserved 1048576K
}
Event: 1090.673 GC heap before
{Heap before GC invocations=85 (full 0):
 garbage-first heap   total 277504K, used 258580K [0x0000000080000000, 0x0000000100000000)
  region size 1024K, 104 young (106496K), 14 survivors (14336K)
 Metaspace       used 148612K, committed 150976K, reserved 1179648K
  class space    used 20318K, committed 21504K, reserved 1048576K
}
Event: 1090.682 GC heap after
{Heap after GC invocations=86 (full 0):
 garbage-first heap   total 282624K, used 149050K [0x0000000080000000, 0x0000000100000000)
  region size 1024K, 9 young (9216K), 9 survivors (9216K)
 Metaspace       used 148612K, committed 150976K, reserved 1179648K
  class space    used 20318K, committed 21504K, reserved 1048576K
}
Event: 3229.622 GC heap before
{Heap before GC invocations=86 (full 0):
 garbage-first heap   total 282624K, used 247354K [0x0000000080000000, 0x0000000100000000)
  region size 1024K, 106 young (108544K), 9 survivors (9216K)
 Metaspace       used 148789K, committed 151168K, reserved 1179648K
  class space    used 20320K, committed 21504K, reserved 1048576K
}
Event: 3229.632 GC heap after
{Heap after GC invocations=87 (full 0):
 garbage-first heap   total 282624K, used 154582K [0x0000000080000000, 0x0000000100000000)
  region size 1024K, 6 young (6144K), 6 survivors (6144K)
 Metaspace       used 148789K, committed 151168K, reserved 1179648K
  class space    used 20320K, committed 21504K, reserved 1048576K
}
Event: 3231.016 GC heap before
{Heap before GC invocations=88 (full 0):
 garbage-first heap   total 282624K, used 269270K [0x0000000080000000, 0x0000000100000000)
  region size 1024K, 103 young (105472K), 6 survivors (6144K)
 Metaspace       used 149157K, committed 151808K, reserved 1179648K
  class space    used 19963K, committed 21568K, reserved 1048576K
}
Event: 3231.027 GC heap after
{Heap after GC invocations=89 (full 0):
 garbage-first heap   total 282624K, used 157585K [0x0000000080000000, 0x0000000100000000)
  region size 1024K, 10 young (10240K), 10 survivors (10240K)
 Metaspace       used 149157K, committed 151808K, reserved 1179648K
  class space    used 19963K, committed 21568K, reserved 1048576K
}
Event: 3235.370 GC heap before
{Heap before GC invocations=89 (full 0):
 garbage-first heap   total 282624K, used 262033K [0x0000000080000000, 0x0000000100000000)
  region size 1024K, 107 young (109568K), 10 survivors (10240K)
 Metaspace       used 151471K, committed 153408K, reserved 1245184K
  class space    used 20237K, committed 21568K, reserved 1048576K
}
Event: 3235.384 GC heap after
{Heap after GC invocations=90 (full 0):
 garbage-first heap   total 288768K, used 146062K [0x0000000080000000, 0x0000000100000000)
  region size 1024K, 14 young (14336K), 14 survivors (14336K)
 Metaspace       used 151471K, committed 153408K, reserved 1245184K
  class space    used 20237K, committed 21568K, reserved 1048576K
}
Event: 3236.623 GC heap before
{Heap before GC invocations=90 (full 0):
 garbage-first heap   total 288768K, used 257678K [0x0000000080000000, 0x0000000100000000)
  region size 1024K, 122 young (124928K), 14 survivors (14336K)
 Metaspace       used 151733K, committed 153600K, reserved 1245184K
  class space    used 20246K, committed 21568K, reserved 1048576K
}
Event: 3236.651 GC heap after
{Heap after GC invocations=91 (full 0):
 garbage-first heap   total 300032K, used 150106K [0x0000000080000000, 0x0000000100000000)
  region size 1024K, 16 young (16384K), 16 survivors (16384K)
 Metaspace       used 151733K, committed 153600K, reserved 1245184K
  class space    used 20246K, committed 21568K, reserved 1048576K
}

