# JRE version: OpenJDK Runtime Environment (21.0.5) (build 21.0.5+-13047016-b750.29)
# Java VM: OpenJDK 64-Bit Server VM (21.0.5+-13047016-b750.29, mixed mode, tiered, compressed oops, compressed class ptrs, g1 gc, windows-amd64)
GC Precious Log:
 CardTable entry size: 512
 Card Set container configuration: InlinePtr #cards 5 size 8 Array Of Cards #cards 12 size 40 Howl #buckets 4 coarsen threshold 1843 Howl Bitmap #cards 512 size 80 coarsen threshold 460 Card regions per heap region 1 cards per card region 2048
 CPUs: 12 total, 12 available
 Memory: 15789M
 Large Page Support: Disabled
 NUMA Support: Disabled
 Compressed Oops: Enabled (32-bit)
 Heap Region Size: 1M
 Heap Min Capacity: 8M
 Heap Initial Capacity: 248M
 Heap Max Capacity: 2G
 Pre-touch: Disabled
 Parallel Workers: 10
 Concurrent Workers: 3
 Concurrent Refinement Workers: 10
 Periodic GC: Disabled
Heap:
 garbage-first heap   total 89088K, used 38175K [0x0000000080000000, 0x0000000100000000)
  region size 1024K, 10 young (10240K), 6 survivors (6144K)
 Metaspace       used 51118K, committed 52608K, reserved 1114112K
  class space    used 6974K, committed 7744K, reserved 1048576K
GC Heap History (20 events):
Event: 0.611 GC heap before
{Heap before GC invocations=0 (full 0):
 garbage-first heap   total 253952K, used 22528K [0x0000000080000000, 0x0000000100000000)
  region size 1024K, 23 young (23552K), 0 survivors (0K)
 Metaspace       used 7994K, committed 8128K, reserved 1114112K
  class space    used 709K, committed 768K, reserved 1048576K
}
Event: 0.615 GC heap after
{Heap after GC invocations=1 (full 0):
 garbage-first heap   total 253952K, used 4775K [0x0000000080000000, 0x0000000100000000)
  region size 1024K, 3 young (3072K), 3 survivors (3072K)
 Metaspace       used 7994K, committed 8128K, reserved 1114112K
  class space    used 709K, committed 768K, reserved 1048576K
}
Event: 1.263 GC heap before
{Heap before GC invocations=1 (full 0):
 garbage-first heap   total 253952K, used 40615K [0x0000000080000000, 0x0000000100000000)
  region size 1024K, 35 young (35840K), 3 survivors (3072K)
 Metaspace       used 12150K, committed 12352K, reserved 1114112K
  class space    used 1277K, committed 1408K, reserved 1048576K
}
Event: 1.268 GC heap after
{Heap after GC invocations=2 (full 0):
 garbage-first heap   total 253952K, used 11819K [0x0000000080000000, 0x0000000100000000)
  region size 1024K, 3 young (3072K), 3 survivors (3072K)
 Metaspace       used 12150K, committed 12352K, reserved 1114112K
  class space    used 1277K, committed 1408K, reserved 1048576K
}
Event: 1.795 GC heap before
{Heap before GC invocations=2 (full 0):
 garbage-first heap   total 253952K, used 58923K [0x0000000080000000, 0x0000000100000000)
  region size 1024K, 47 young (48128K), 3 survivors (3072K)
 Metaspace       used 14016K, committed 14208K, reserved 1114112K
  class space    used 1535K, committed 1600K, reserved 1048576K
}
Event: 1.801 GC heap after
{Heap after GC invocations=3 (full 0):
 garbage-first heap   total 253952K, used 17749K [0x0000000080000000, 0x0000000100000000)
  region size 1024K, 6 young (6144K), 6 survivors (6144K)
 Metaspace       used 14016K, committed 14208K, reserved 1114112K
  class space    used 1535K, committed 1600K, reserved 1048576K
}
Event: 2.449 GC heap before
{Heap before GC invocations=3 (full 0):
 garbage-first heap   total 253952K, used 43349K [0x0000000080000000, 0x0000000100000000)
  region size 1024K, 32 young (32768K), 6 survivors (6144K)
 Metaspace       used 21199K, committed 21504K, reserved 1114112K
  class space    used 2439K, committed 2624K, reserved 1048576K
}
Event: 2.453 GC heap after
{Heap after GC invocations=4 (full 0):
 garbage-first heap   total 253952K, used 21385K [0x0000000080000000, 0x0000000100000000)
  region size 1024K, 10 young (10240K), 10 survivors (10240K)
 Metaspace       used 21199K, committed 21504K, reserved 1114112K
  class space    used 2439K, committed 2624K, reserved 1048576K
}
Event: 4.153 GC heap before
{Heap before GC invocations=5 (full 0):
 garbage-first heap   total 75776K, used 73609K [0x0000000080000000, 0x0000000100000000)
  region size 1024K, 62 young (63488K), 10 survivors (10240K)
 Metaspace       used 29638K, committed 30272K, reserved 1114112K
  class space    used 3786K, committed 4096K, reserved 1048576K
}
Event: 4.161 GC heap after
{Heap after GC invocations=6 (full 0):
 garbage-first heap   total 89088K, used 24775K [0x0000000080000000, 0x0000000100000000)
  region size 1024K, 13 young (13312K), 13 survivors (13312K)
 Metaspace       used 29638K, committed 30272K, reserved 1114112K
  class space    used 3786K, committed 4096K, reserved 1048576K
}
Event: 4.880 GC heap before
{Heap before GC invocations=6 (full 0):
 garbage-first heap   total 89088K, used 63687K [0x0000000080000000, 0x0000000100000000)
  region size 1024K, 52 young (53248K), 13 survivors (13312K)
 Metaspace       used 35019K, committed 35904K, reserved 1114112K
  class space    used 4683K, committed 5120K, reserved 1048576K
}
Event: 4.887 GC heap after
{Heap after GC invocations=7 (full 0):
 garbage-first heap   total 89088K, used 26564K [0x0000000080000000, 0x0000000100000000)
  region size 1024K, 6 young (6144K), 6 survivors (6144K)
 Metaspace       used 35019K, committed 35904K, reserved 1114112K
  class space    used 4683K, committed 5120K, reserved 1048576K
}
Event: 4.923 GC heap before
{Heap before GC invocations=7 (full 0):
 garbage-first heap   total 89088K, used 28612K [0x0000000080000000, 0x0000000100000000)
  region size 1024K, 9 young (9216K), 6 survivors (6144K)
 Metaspace       used 35266K, committed 36160K, reserved 1114112K
  class space    used 4729K, committed 5184K, reserved 1048576K
}
Event: 4.927 GC heap after
{Heap after GC invocations=8 (full 0):
 garbage-first heap   total 89088K, used 26594K [0x0000000080000000, 0x0000000100000000)
  region size 1024K, 3 young (3072K), 3 survivors (3072K)
 Metaspace       used 35266K, committed 36160K, reserved 1114112K
  class space    used 4729K, committed 5184K, reserved 1048576K
}
Event: 5.710 GC heap before
{Heap before GC invocations=9 (full 0):
 garbage-first heap   total 89088K, used 73698K [0x0000000080000000, 0x0000000100000000)
  region size 1024K, 50 young (51200K), 3 survivors (3072K)
 Metaspace       used 43619K, committed 44800K, reserved 1114112K
  class space    used 5843K, committed 6400K, reserved 1048576K
}
Event: 5.714 GC heap after
{Heap after GC invocations=10 (full 0):
 garbage-first heap   total 89088K, used 30311K [0x0000000080000000, 0x0000000100000000)
  region size 1024K, 7 young (7168K), 7 survivors (7168K)
 Metaspace       used 43619K, committed 44800K, reserved 1114112K
  class space    used 5843K, committed 6400K, reserved 1048576K
}
Event: 6.087 GC heap before
{Heap before GC invocations=10 (full 0):
 garbage-first heap   total 89088K, used 74343K [0x0000000080000000, 0x0000000100000000)
  region size 1024K, 51 young (52224K), 7 survivors (7168K)
 Metaspace       used 46520K, committed 47808K, reserved 1114112K
  class space    used 6218K, committed 6848K, reserved 1048576K
}
Event: 6.093 GC heap after
{Heap after GC invocations=11 (full 0):
 garbage-first heap   total 89088K, used 33230K [0x0000000080000000, 0x0000000100000000)
  region size 1024K, 4 young (4096K), 4 survivors (4096K)
 Metaspace       used 46520K, committed 47808K, reserved 1114112K
  class space    used 6218K, committed 6848K, reserved 1048576K
}
Event: 7.200 GC heap before
{Heap before GC invocations=11 (full 0):
 garbage-first heap   total 89088K, used 77262K [0x0000000080000000, 0x0000000100000000)
  region size 1024K, 47 young (48128K), 4 survivors (4096K)
 Metaspace       used 50779K, committed 52288K, reserved 1114112K
  class space    used 6914K, committed 7680K, reserved 1048576K
}
Event: 7.205 GC heap after
{Heap after GC invocations=12 (full 0):
 garbage-first heap   total 89088K, used 35103K [0x0000000080000000, 0x0000000100000000)
  region size 1024K, 6 young (6144K), 6 survivors (6144K)
 Metaspace       used 50779K, committed 52288K, reserved 1114112K
  class space    used 6914K, committed 7680K, reserved 1048576K
}

