# JRE version: OpenJDK Runtime Environment (21.0.5) (build 21.0.5+-13047016-b750.29)
# Java VM: OpenJDK 64-Bit Server VM (21.0.5+-13047016-b750.29, mixed mode, tiered, compressed oops, compressed class ptrs, g1 gc, windows-amd64)
GC Precious Log:
 CardTable entry size: 512
 Card Set container configuration: InlinePtr #cards 5 size 8 Array Of Cards #cards 12 size 40 Howl #buckets 4 coarsen threshold 1843 Howl Bitmap #cards 512 size 80 coarsen threshold 460 Card regions per heap region 1 cards per card region 2048
 CPUs: 12 total, 12 available
 Memory: 15789M
 Large Page Support: Disabled
 NUMA Support: Disabled
 Compressed Oops: Enabled (32-bit)
 Heap Region Size: 1M
 Heap Min Capacity: 8M
 Heap Initial Capacity: 248M
 Heap Max Capacity: 2G
 Pre-touch: Disabled
 Parallel Workers: 10
 Concurrent Workers: 3
 Concurrent Refinement Workers: 10
 Periodic GC: Disabled
Heap:
 garbage-first heap   total 256000K, used 150966K [0x0000000080000000, 0x0000000100000000)
  region size 1024K, 32 young (32768K), 12 survivors (12288K)
 Metaspace       used 145622K, committed 147520K, reserved 1179648K
  class space    used 19595K, committed 20928K, reserved 1048576K
GC Heap History (20 events):
Event: 928.446 GC heap before
{Heap before GC invocations=58 (full 0):
 garbage-first heap   total 235520K, used 210781K [0x0000000080000000, 0x0000000100000000)
  region size 1024K, 89 young (91136K), 8 survivors (8192K)
 Metaspace       used 139777K, committed 142208K, reserved 1179648K
  class space    used 19585K, committed 20800K, reserved 1048576K
}
Event: 928.452 GC heap after
{Heap after GC invocations=59 (full 0):
 garbage-first heap   total 235520K, used 117429K [0x0000000080000000, 0x0000000100000000)
  region size 1024K, 5 young (5120K), 5 survivors (5120K)
 Metaspace       used 139777K, committed 142208K, reserved 1179648K
  class space    used 19585K, committed 20800K, reserved 1048576K
}
Event: 929.232 GC heap before
{Heap before GC invocations=59 (full 0):
 garbage-first heap   total 235520K, used 172725K [0x0000000080000000, 0x0000000100000000)
  region size 1024K, 61 young (62464K), 5 survivors (5120K)
 Metaspace       used 139962K, committed 142400K, reserved 1179648K
  class space    used 19588K, committed 20800K, reserved 1048576K
}
Event: 929.241 GC heap after
{Heap after GC invocations=60 (full 0):
 garbage-first heap   total 235520K, used 124511K [0x0000000080000000, 0x0000000100000000)
  region size 1024K, 12 young (12288K), 12 survivors (12288K)
 Metaspace       used 139962K, committed 142400K, reserved 1179648K
  class space    used 19588K, committed 20800K, reserved 1048576K
}
Event: 930.294 GC heap before
{Heap before GC invocations=61 (full 0):
 garbage-first heap   total 235520K, used 214623K [0x0000000080000000, 0x0000000100000000)
  region size 1024K, 95 young (97280K), 12 survivors (12288K)
 Metaspace       used 140777K, committed 143168K, reserved 1179648K
  class space    used 19586K, committed 20800K, reserved 1048576K
}
Event: 930.300 GC heap after
{Heap after GC invocations=62 (full 0):
 garbage-first heap   total 235520K, used 127398K [0x0000000080000000, 0x0000000100000000)
  region size 1024K, 3 young (3072K), 3 survivors (3072K)
 Metaspace       used 140777K, committed 143168K, reserved 1179648K
  class space    used 19586K, committed 20800K, reserved 1048576K
}
Event: 1112.202 GC heap before
{Heap before GC invocations=62 (full 0):
 garbage-first heap   total 235520K, used 227750K [0x0000000080000000, 0x0000000100000000)
  region size 1024K, 88 young (90112K), 3 survivors (3072K)
 Metaspace       used 141142K, committed 143552K, reserved 1179648K
  class space    used 19589K, committed 20800K, reserved 1048576K
}
Event: 1112.211 GC heap after
{Heap after GC invocations=63 (full 0):
 garbage-first heap   total 241664K, used 127915K [0x0000000080000000, 0x0000000100000000)
  region size 1024K, 8 young (8192K), 8 survivors (8192K)
 Metaspace       used 141142K, committed 143552K, reserved 1179648K
  class space    used 19589K, committed 20800K, reserved 1048576K
}
Event: 1112.466 GC heap before
{Heap before GC invocations=63 (full 0):
 garbage-first heap   total 241664K, used 150443K [0x0000000080000000, 0x0000000100000000)
  region size 1024K, 31 young (31744K), 8 survivors (8192K)
 Metaspace       used 141183K, committed 143616K, reserved 1179648K
  class space    used 19589K, committed 20800K, reserved 1048576K
}
Event: 1112.472 GC heap after
{Heap after GC invocations=64 (full 0):
 garbage-first heap   total 241664K, used 131997K [0x0000000080000000, 0x0000000100000000)
  region size 1024K, 11 young (11264K), 11 survivors (11264K)
 Metaspace       used 141183K, committed 143616K, reserved 1179648K
  class space    used 19589K, committed 20800K, reserved 1048576K
}
Event: 1113.126 GC heap before
{Heap before GC invocations=65 (full 0):
 garbage-first heap   total 241664K, used 213917K [0x0000000080000000, 0x0000000100000000)
  region size 1024K, 87 young (89088K), 11 survivors (11264K)
 Metaspace       used 141784K, committed 144192K, reserved 1179648K
  class space    used 19612K, committed 20800K, reserved 1048576K
}
Event: 1113.132 GC heap after
{Heap after GC invocations=66 (full 0):
 garbage-first heap   total 241664K, used 134983K [0x0000000080000000, 0x0000000100000000)
  region size 1024K, 6 young (6144K), 6 survivors (6144K)
 Metaspace       used 141784K, committed 144192K, reserved 1179648K
  class space    used 19612K, committed 20800K, reserved 1048576K
}
Event: 3496.746 GC heap before
{Heap before GC invocations=66 (full 0):
 garbage-first heap   total 241664K, used 228167K [0x0000000080000000, 0x0000000100000000)
  region size 1024K, 84 young (86016K), 6 survivors (6144K)
 Metaspace       used 142200K, committed 144576K, reserved 1179648K
  class space    used 19613K, committed 20800K, reserved 1048576K
}
Event: 3496.765 GC heap after
{Heap after GC invocations=67 (full 0):
 garbage-first heap   total 241664K, used 123528K [0x0000000080000000, 0x0000000100000000)
  region size 1024K, 4 young (4096K), 4 survivors (4096K)
 Metaspace       used 142200K, committed 144576K, reserved 1179648K
  class space    used 19613K, committed 20800K, reserved 1048576K
}
Event: 3497.857 GC heap before
{Heap before GC invocations=67 (full 0):
 garbage-first heap   total 241664K, used 184968K [0x0000000080000000, 0x0000000100000000)
  region size 1024K, 66 young (67584K), 4 survivors (4096K)
 Metaspace       used 142536K, committed 144960K, reserved 1179648K
  class space    used 19648K, committed 20864K, reserved 1048576K
}
Event: 3497.865 GC heap after
{Heap after GC invocations=68 (full 0):
 garbage-first heap   total 241664K, used 130247K [0x0000000080000000, 0x0000000100000000)
  region size 1024K, 11 young (11264K), 11 survivors (11264K)
 Metaspace       used 142536K, committed 144960K, reserved 1179648K
  class space    used 19648K, committed 20864K, reserved 1048576K
}
Event: 3499.320 GC heap before
{Heap before GC invocations=69 (full 0):
 garbage-first heap   total 241664K, used 229575K [0x0000000080000000, 0x0000000100000000)
  region size 1024K, 95 young (97280K), 11 survivors (11264K)
 Metaspace       used 143571K, committed 146112K, reserved 1179648K
  class space    used 19367K, committed 20928K, reserved 1048576K
}
Event: 3499.332 GC heap after
{Heap after GC invocations=70 (full 0):
 garbage-first heap   total 244736K, used 129862K [0x0000000080000000, 0x0000000100000000)
  region size 1024K, 3 young (3072K), 3 survivors (3072K)
 Metaspace       used 143571K, committed 146112K, reserved 1179648K
  class space    used 19367K, committed 20928K, reserved 1048576K
}
Event: 3508.579 GC heap before
{Heap before GC invocations=70 (full 0):
 garbage-first heap   total 244736K, used 229190K [0x0000000080000000, 0x0000000100000000)
  region size 1024K, 95 young (97280K), 3 survivors (3072K)
 Metaspace       used 145599K, committed 147520K, reserved 1179648K
  class space    used 19595K, committed 20928K, reserved 1048576K
}
Event: 3508.594 GC heap after
{Heap after GC invocations=71 (full 0):
 garbage-first heap   total 256000K, used 131510K [0x0000000080000000, 0x0000000100000000)
  region size 1024K, 12 young (12288K), 12 survivors (12288K)
 Metaspace       used 145599K, committed 147520K, reserved 1179648K
  class space    used 19595K, committed 20928K, reserved 1048576K
}

